<?xml version="1.0" encoding="UTF-8"?>
<!-- Generated by org.testng.reporters.JUnitXMLReporter -->
<testsuite ignored="0" hostname="DESKTOP-5VGD0PP" failures="0" tests="3" name="Default test" time="0.056" errors="0" timestamp="2024-05-19T14:30:27 IST">
  <testcase classname="TestNgBasics.TEstNG1" name="Testcase2" time="0.013"/>
  <testcase classname="TestNgBasics.TEstNG1" name="Testcase3" time="0.004"/>
  <testcase classname="TestNgBasics.TEstNG1" name="Testcase1" time="0.001"/>
</testsuite> <!-- Default test -->
