<?xml version="1.0" encoding="UTF-8"?>
<!-- Generated by org.testng.reporters.JUnitXMLReporter -->
<testsuite ignored="0" hostname="DESKTOP-5VGD0PP" failures="0" tests="4" name="Test1" time="0.022" errors="0" timestamp="2024-05-19T13:33:15 IST">
  <testcase classname="TestNgBasics.TEstNG1" name="Testcase2" time="0.001"/>
  <testcase classname="TestNgBasics.TEstNG1" name="Testcase3" time="0.002"/>
  <testcase classname="TestNgBasics.TEstNG1" name="Testcase1" time="0.002"/>
  <testcase classname="TestNgBasics.TestNG2" name="Testcase4" time="0.001"/>
</testsuite> <!-- Test1 -->
