<?xml version="1.0" encoding="UTF-8"?>
<testng-results ignored="0" total="1" passed="1" failed="0" skipped="0">
  <reporter-output>
  </reporter-output>
  <suite started-at="2024-04-28T13:10:18 IST" name="Surefire suite" finished-at="2024-04-28T13:10:18 IST" duration-ms="44">
    <groups>
    </groups>
    <test started-at="2024-04-28T13:10:18 IST" name="Surefire test" finished-at="2024-04-28T13:10:18 IST" duration-ms="44">
      <class name="test.FITAPorurSeleniumWeekEnd.AppTest">
        <test-method signature="shouldAnswerWithTrue()" started-at="2024-04-28T13:10:18 IST" name="shouldAnswerWithTrue" finished-at="2024-04-28T13:10:18 IST" duration-ms="7" status="PASS">
          <reporter-output>
          </reporter-output>
        </test-method> <!-- shouldAnswerWithTrue -->
      </class> <!-- test.FITAPorurSeleniumWeekEnd.AppTest -->
    </test> <!-- Surefire test -->
  </suite> <!-- Surefire suite -->
</testng-results>
